<?xml version="1.0" encoding="UTF-8"?>
<!-- Generated by org.testng.reporters.JUnitReportReporter -->
<testsuite hostname="DESKTOP-AGNNK4J" failures="0" tests="1" name="com.automation.Mysql" time="23.599" errors="0" timestamp="2019-11-20T17:46:34 IST" skipped="0">
  <testcase classname="com.automation.Mysql" name="init" time="23.599"/>
</testsuite> <!-- com.automation.Mysql -->
